Build started 12/3/2014 10:01:13 AM.
     1>Project "D:\Users\Andrew\Desktop\Project5\Project5\Project5.vcxproj" on node 2 (Build target(s)).
     1>ClCompile:
         C:\Program Files (x86)\Microsoft Visual Studio 12.0\VC\bin\CL.exe /c /ZI /nologo /W3 /WX- /sdl /Od /Oy- /D _MBCS /Gm /EHsc /RTC1 /MDd /GS /fp:precise /Zc:wchar_t /Zc:forScope /Fo"Debug\\" /Fd"Debug\vc120.pdb" /Gd /TP /analyze- /errorReport:prompt World.cpp
         World.cpp
     1>d:\users\andrew\desktop\project5\project5\world.h(106): warning C4091: 'static ' : ignored on left of 'World' when no variable is declared
     1>d:\users\andrew\desktop\project5\project5\world.cpp(5): warning C4244: 'argument' : conversion from 'time_t' to 'unsigned int', possible loss of data
     1>d:\users\andrew\desktop\project5\project5\world.cpp(11): warning C4305: '=' : truncation from 'double' to 'float'
     1>d:\users\andrew\desktop\project5\project5\world.cpp(35): warning C4305: 'argument' : truncation from 'double' to 'float'
     1>d:\users\andrew\desktop\project5\project5\world.cpp(36): warning C4305: 'argument' : truncation from 'double' to 'float'
     1>d:\users\andrew\desktop\project5\project5\world.cpp(59): warning C4305: 'argument' : truncation from 'double' to 'GLclampf'
     1>d:\users\andrew\desktop\project5\project5\world.cpp(85): warning C4018: '<' : signed/unsigned mismatch
     1>d:\users\andrew\desktop\project5\project5\world.cpp(213): warning C4018: '<' : signed/unsigned mismatch
     1>d:\users\andrew\desktop\project5\project5\world.cpp(230): warning C4018: '<' : signed/unsigned mismatch
     1>d:\users\andrew\desktop\project5\project5\world.cpp(238): warning C4305: 'initializing' : truncation from 'double' to 'float'
     1>d:\users\andrew\desktop\project5\project5\world.cpp(239): warning C4305: 'initializing' : truncation from 'double' to 'float'
     1>d:\users\andrew\desktop\project5\project5\world.cpp(263): warning C4305: 'argument' : truncation from 'double' to 'float'
     1>d:\users\andrew\desktop\project5\project5\world.cpp(265): warning C4305: 'argument' : truncation from 'double' to 'float'
     1>d:\users\andrew\desktop\project5\project5\world.cpp(266): warning C4305: 'argument' : truncation from 'double' to 'float'
     1>d:\users\andrew\desktop\project5\project5\world.cpp(267): warning C4305: 'argument' : truncation from 'double' to 'float'
     1>d:\users\andrew\desktop\project5\project5\world.cpp(281): warning C4305: 'initializing' : truncation from 'double' to 'float'
     1>d:\users\andrew\desktop\project5\project5\world.cpp(282): warning C4305: 'initializing' : truncation from 'double' to 'float'
       Link:
         C:\Program Files (x86)\Microsoft Visual Studio 12.0\VC\bin\link.exe /ERRORREPORT:PROMPT /OUT:"D:\Users\Andrew\Desktop\Project5\Debug\Project5.exe" /INCREMENTAL /NOLOGO freeglut.lib glew32.lib kernel32.lib user32.lib gdi32.lib winspool.lib comdlg32.lib advapi32.lib shell32.lib ole32.lib oleaut32.lib uuid.lib odbc32.lib odbccp32.lib /MANIFEST /MANIFESTUAC:"level='asInvoker' uiAccess='false'" /manifest:embed /DEBUG /PDB:"D:\Users\Andrew\Desktop\Project5\Debug\Project5.pdb" /TLBID:1 /DYNAMICBASE /NXCOMPAT /IMPLIB:"D:\Users\Andrew\Desktop\Project5\Debug\Project5.lib" /MACHINE:X86 Debug\Axes.obj
         Debug\Camera.obj
         Debug\Light.obj
         Debug\LoadShaders.obj
         Debug\lodepng.obj
         Debug\main.obj
         Debug\Model.obj
         Debug\Object.obj
         Debug\Shader.obj
         Debug\ShadowMap.obj
         Debug\Texture.obj
         Debug\World.obj
         Project5.vcxproj -> D:\Users\Andrew\Desktop\Project5\Debug\Project5.exe
     1>Done Building Project "D:\Users\Andrew\Desktop\Project5\Project5\Project5.vcxproj" (Build target(s)).

Build succeeded.

Time Elapsed 00:00:01.87
